2014-11-20 23:02:52.107+0000 INFO  [o.n.k.InternalAbstractGraphDatabase]: No locking implementation specified, defaulting to 'community'
2014-11-20 23:02:52.295+0000 INFO  [o.n.k.i.DiagnosticsManager]: --- INITIALIZED diagnostics START ---
2014-11-20 23:02:52.299+0000 INFO  [o.n.k.i.DiagnosticsManager]: Neo4j Kernel properties:
2014-11-20 23:02:52.301+0000 INFO  [o.n.k.i.DiagnosticsManager]: neostore.propertystore.db.mapped_memory=2864M
2014-11-20 23:02:52.301+0000 INFO  [o.n.k.i.DiagnosticsManager]: neostore.nodestore.db.mapped_memory=795M
2014-11-20 23:02:52.302+0000 INFO  [o.n.k.i.DiagnosticsManager]: neostore.relationshipstore.db.mapped_memory=3510M
2014-11-20 23:02:52.302+0000 INFO  [o.n.k.i.DiagnosticsManager]: neostore.propertystore.db.strings.mapped_memory=2434M
2014-11-20 23:02:52.302+0000 INFO  [o.n.k.i.DiagnosticsManager]: store_dir=data/neo2
2014-11-20 23:02:52.302+0000 INFO  [o.n.k.i.DiagnosticsManager]: neostore.propertystore.db.arrays.mapped_memory=2759M
2014-11-20 23:02:52.302+0000 INFO  [o.n.k.i.DiagnosticsManager]: ephemeral=false
2014-11-20 23:02:52.305+0000 INFO  [o.n.k.i.DiagnosticsManager]: Diagnostics providers:
2014-11-20 23:02:52.305+0000 INFO  [o.n.k.i.DiagnosticsManager]: org.neo4j.kernel.configuration.Config
2014-11-20 23:02:52.306+0000 INFO  [o.n.k.i.DiagnosticsManager]: org.neo4j.kernel.info.DiagnosticsManager
2014-11-20 23:02:52.306+0000 INFO  [o.n.k.i.DiagnosticsManager]: SYSTEM_MEMORY
2014-11-20 23:02:52.306+0000 INFO  [o.n.k.i.DiagnosticsManager]: JAVA_MEMORY
2014-11-20 23:02:52.306+0000 INFO  [o.n.k.i.DiagnosticsManager]: OPERATING_SYSTEM
2014-11-20 23:02:52.306+0000 INFO  [o.n.k.i.DiagnosticsManager]: JAVA_VIRTUAL_MACHINE
2014-11-20 23:02:52.306+0000 INFO  [o.n.k.i.DiagnosticsManager]: CLASSPATH
2014-11-20 23:02:52.307+0000 INFO  [o.n.k.i.DiagnosticsManager]: LIBRARY_PATH
2014-11-20 23:02:52.307+0000 INFO  [o.n.k.i.DiagnosticsManager]: SYSTEM_PROPERTIES
2014-11-20 23:02:52.307+0000 INFO  [o.n.k.i.DiagnosticsManager]: LINUX_SCHEDULERS
2014-11-20 23:02:52.307+0000 INFO  [o.n.k.i.DiagnosticsManager]: NETWORK
2014-11-20 23:02:52.308+0000 INFO  [o.n.k.i.DiagnosticsManager]: System memory information:
2014-11-20 23:02:52.316+0000 INFO  [o.n.k.i.DiagnosticsManager]: Total Physical memory: 30.44 GB
2014-11-20 23:02:52.317+0000 INFO  [o.n.k.i.DiagnosticsManager]: Free Physical memory: 15.84 GB
2014-11-20 23:02:52.318+0000 INFO  [o.n.k.i.DiagnosticsManager]: Committed virtual memory: 5.55 GB
2014-11-20 23:02:52.319+0000 INFO  [o.n.k.i.DiagnosticsManager]: Total swap space: 0.00 B
2014-11-20 23:02:52.319+0000 INFO  [o.n.k.i.DiagnosticsManager]: Free swap space: 0.00 B
2014-11-20 23:02:52.320+0000 INFO  [o.n.k.i.DiagnosticsManager]: JVM memory information:
2014-11-20 23:02:52.321+0000 INFO  [o.n.k.i.DiagnosticsManager]: Free  memory: 915.17 MB
2014-11-20 23:02:52.321+0000 INFO  [o.n.k.i.DiagnosticsManager]: Total memory: 982.00 MB
2014-11-20 23:02:52.322+0000 INFO  [o.n.k.i.DiagnosticsManager]: Max   memory: 3.56 GB
2014-11-20 23:02:52.327+0000 INFO  [o.n.k.i.DiagnosticsManager]: Garbage Collector: PS Scavenge: [PS Eden Space, PS Survivor Space]
2014-11-20 23:02:52.327+0000 INFO  [o.n.k.i.DiagnosticsManager]: Garbage Collector: PS MarkSweep: [PS Eden Space, PS Survivor Space, PS Old Gen, PS Perm Gen]
2014-11-20 23:02:52.329+0000 INFO  [o.n.k.i.DiagnosticsManager]: Memory Pool: Code Cache (Non-heap memory): committed=2.44 MB, used=609.56 kB, max=48.00 MB, threshold=0.00 B
2014-11-20 23:02:52.331+0000 INFO  [o.n.k.i.DiagnosticsManager]: Memory Pool: PS Eden Space (Heap memory): committed=256.50 MB, used=66.83 MB, max=1.25 GB, threshold=?
2014-11-20 23:02:52.332+0000 INFO  [o.n.k.i.DiagnosticsManager]: Memory Pool: PS Survivor Space (Heap memory): committed=42.50 MB, used=0.00 B, max=42.50 MB, threshold=?
2014-11-20 23:02:52.334+0000 INFO  [o.n.k.i.DiagnosticsManager]: Memory Pool: PS Old Gen (Heap memory): committed=683.00 MB, used=0.00 B, max=2.67 GB, threshold=0.00 B
2014-11-20 23:02:52.335+0000 INFO  [o.n.k.i.DiagnosticsManager]: Memory Pool: PS Perm Gen (Non-heap memory): committed=21.00 MB, used=11.75 MB, max=166.00 MB, threshold=0.00 B
2014-11-20 23:02:52.336+0000 INFO  [o.n.k.i.DiagnosticsManager]: Operating system information:
2014-11-20 23:02:52.337+0000 INFO  [o.n.k.i.DiagnosticsManager]: Operating System: Linux; version: 3.2.0-32-virtual; arch: amd64; cpus: 8
2014-11-20 23:02:52.337+0000 INFO  [o.n.k.i.DiagnosticsManager]: Max number of file descriptors: 4096
2014-11-20 23:02:52.338+0000 INFO  [o.n.k.i.DiagnosticsManager]: Number of open file descriptors: 147
2014-11-20 23:02:52.338+0000 INFO  [o.n.k.i.DiagnosticsManager]: Process id: 31389@knoesis-hpco
2014-11-20 23:02:52.339+0000 INFO  [o.n.k.i.DiagnosticsManager]: Byte order: LITTLE_ENDIAN
2014-11-20 23:02:52.339+0000 INFO  [o.n.k.i.DiagnosticsManager]: Local timezone: America/New_York
2014-11-20 23:02:52.339+0000 INFO  [o.n.k.i.DiagnosticsManager]: JVM information:
2014-11-20 23:02:52.339+0000 INFO  [o.n.k.i.DiagnosticsManager]: VM Name: OpenJDK 64-Bit Server VM
2014-11-20 23:02:52.339+0000 INFO  [o.n.k.i.DiagnosticsManager]: VM Vendor: Oracle Corporation
2014-11-20 23:02:52.340+0000 INFO  [o.n.k.i.DiagnosticsManager]: VM Version: 24.65-b04
2014-11-20 23:02:52.341+0000 INFO  [o.n.k.i.DiagnosticsManager]: JIT compiler: HotSpot 64-Bit Tiered Compilers
2014-11-20 23:02:52.342+0000 INFO  [o.n.k.i.DiagnosticsManager]: VM Arguments: [-Xms1024m, -Xmx4096m]
2014-11-20 23:02:52.342+0000 INFO  [o.n.k.i.DiagnosticsManager]: Java classpath:
2014-11-20 23:02:52.356+0000 INFO  [o.n.k.i.DiagnosticsManager]:  [classpath + loader.0] file:/home/w017nxj/workspace/ResQu/lib/neo4j-primitive-collections-2.1.5.jar
2014-11-20 23:02:52.356+0000 INFO  [o.n.k.i.DiagnosticsManager]:  [loader.1] file:/usr/lib/jvm/java-7-openjdk-amd64/jre/lib/ext/libatk-wrapper.so
2014-11-20 23:02:52.356+0000 INFO  [o.n.k.i.DiagnosticsManager]:  [classpath + loader.0] file:/home/w017nxj/workspace/ResQu/lib/XmlSchema-1.4.7.jar
2014-11-20 23:02:52.356+0000 INFO  [o.n.k.i.DiagnosticsManager]:  [classpath + loader.0] file:/home/w017nxj/workspace/ResQu/lib/jersey-multipart-1.9.jar
2014-11-20 23:02:52.356+0000 INFO  [o.n.k.i.DiagnosticsManager]:  [classpath + loader.0] file:/home/w017nxj/workspace/ResQu/lib/axis2-corba-1.6.2.jar
2014-11-20 23:02:52.357+0000 INFO  [o.n.k.i.DiagnosticsManager]:  [classpath + loader.0] file:/home/w017nxj/workspace/ResQu/lib/commons-io-1.4.jar
2014-11-20 23:02:52.357+0000 INFO  [o.n.k.i.DiagnosticsManager]:  [classpath + loader.0] file:/home/w017nxj/workspace/ResQu/lib/axis2-jaxbri-1.6.2.jar
2014-11-20 23:02:52.357+0000 INFO  [o.n.k.i.DiagnosticsManager]:  [bootstrap] /usr/lib/jvm/java-7-openjdk-amd64/jre/lib/charsets.jar
2014-11-20 23:02:52.357+0000 INFO  [o.n.k.i.DiagnosticsManager]:  [classpath + loader.0] file:/home/w017nxj/workspace/ResQu/lib/commons-httpclient-3.1.jar
2014-11-20 23:02:52.357+0000 INFO  [o.n.k.i.DiagnosticsManager]:  [classpath + loader.0] file:/home/w017nxj/workspace/ResQu/lib/axis2-mtompolicy-1.6.2.jar
2014-11-20 23:02:52.357+0000 INFO  [o.n.k.i.DiagnosticsManager]:  [classpath + loader.0] file:/home/w017nxj/workspace/ResQu/lib/neethi-3.0.2.jar
2014-11-20 23:02:52.357+0000 INFO  [o.n.k.i.DiagnosticsManager]:  [classpath + loader.0] file:/home/w017nxj/workspace/ResQu/lib/jackson-mapper-asl-1.9.7.jar
2014-11-20 23:02:52.358+0000 INFO  [o.n.k.i.DiagnosticsManager]:  [classpath + loader.0] file:/home/w017nxj/workspace/ResQu/lib/axis2-java2wsdl-1.6.2.jar
2014-11-20 23:02:52.358+0000 INFO  [o.n.k.i.DiagnosticsManager]:  [classpath + loader.0] file:/home/w017nxj/workspace/ResQu/lib/server-api-2.1.5.jar
2014-11-20 23:02:52.358+0000 INFO  [o.n.k.i.DiagnosticsManager]:  [bootstrap] /usr/lib/jvm/java-7-openjdk-amd64/jre/lib/rhino.jar
2014-11-20 23:02:52.358+0000 INFO  [o.n.k.i.DiagnosticsManager]:  [classpath + loader.0] file:/home/w017nxj/workspace/ResQu/lib/org.apache.servicemix.bundles.jline-0.9.94_1.jar
2014-11-20 23:02:52.358+0000 INFO  [o.n.k.i.DiagnosticsManager]:  [classpath + loader.0] file:/home/w017nxj/workspace/ResQu/lib/xalan-2.7.0.jar
2014-11-20 23:02:52.358+0000 INFO  [o.n.k.i.DiagnosticsManager]:  [classpath + loader.0] file:/home/w017nxj/workspace/ResQu/lib/logback-classic-1.1.2.jar
2014-11-20 23:02:52.358+0000 INFO  [o.n.k.i.DiagnosticsManager]:  [classpath + loader.0] file:/home/w017nxj/workspace/ResQu/lib/commons-beanutils-1.8.0.jar
2014-11-20 23:02:52.358+0000 INFO  [o.n.k.i.DiagnosticsManager]:  [classpath + loader.0] file:/home/w017nxj/workspace/ResQu/lib/logback-access-1.1.2.jar
2014-11-20 23:02:52.359+0000 INFO  [o.n.k.i.DiagnosticsManager]:  [classpath + loader.0] file:/home/w017nxj/workspace/ResQu/lib/axis2-adb-1.6.2.jar
2014-11-20 23:02:52.359+0000 INFO  [o.n.k.i.DiagnosticsManager]:  [classpath + loader.0] file:/home/w017nxj/workspace/ResQu/lib/neo4j-server-2.1.5.jar
2014-11-20 23:02:52.359+0000 INFO  [o.n.k.i.DiagnosticsManager]:  [classpath + loader.0] file:/home/w017nxj/workspace/ResQu/lib/resqu.jar
2014-11-20 23:02:52.359+0000 INFO  [o.n.k.i.DiagnosticsManager]:  [classpath + loader.0] file:/home/w017nxj/workspace/ResQu/lib/jetty-server-9.0.5.v20130815.jar
2014-11-20 23:02:52.359+0000 INFO  [o.n.k.i.DiagnosticsManager]:  [classpath + loader.0] file:/home/w017nxj/workspace/ResQu/lib/bcel-5.1.jar
2014-11-20 23:02:52.359+0000 INFO  [o.n.k.i.DiagnosticsManager]:  [classpath + loader.0] file:/home/w017nxj/workspace/ResQu/lib/axis2-fastinfoset-1.6.2.jar
2014-11-20 23:02:52.359+0000 INFO  [o.n.k.i.DiagnosticsManager]:  [classpath + loader.0] file:/home/w017nxj/workspace/ResQu/lib/regexp-1.2.jar
2014-11-20 23:02:52.360+0000 INFO  [o.n.k.i.DiagnosticsManager]:  [classpath + loader.0] file:/home/w017nxj/workspace/ResQu/lib/axis2-soapmonitor-servlet-1.6.2.jar
2014-11-20 23:02:52.360+0000 INFO  [o.n.k.i.DiagnosticsManager]:  [classpath + loader.0] file:/home/w017nxj/workspace/ResQu/lib/neo4j-server-2.1.5-static-web.jar
2014-11-20 23:02:52.360+0000 INFO  [o.n.k.i.DiagnosticsManager]:  [classpath + loader.0] file:/home/w017nxj/workspace/ResQu/lib/juli-6.0.16.jar
2014-11-20 23:02:52.360+0000 INFO  [o.n.k.i.DiagnosticsManager]:  [classpath + loader.0] file:/home/w017nxj/workspace/ResQu/lib/jetty-util-9.0.5.v20130815.jar
2014-11-20 23:02:52.360+0000 INFO  [o.n.k.i.DiagnosticsManager]:  [classpath + loader.0] file:/home/w017nxj/workspace/ResQu/lib/neo4j-jmx-2.1.5.jar
2014-11-20 23:02:52.360+0000 INFO  [o.n.k.i.DiagnosticsManager]:  [bootstrap] /usr/lib/jvm/java-7-openjdk-amd64/jre/lib/resources.jar
2014-11-20 23:02:52.360+0000 INFO  [o.n.k.i.DiagnosticsManager]:  [classpath + loader.0] file:/home/w017nxj/workspace/ResQu/lib/mail-1.4.jar
2014-11-20 23:02:52.361+0000 INFO  [o.n.k.i.DiagnosticsManager]:  [classpath + loader.0] file:/home/w017nxj/workspace/ResQu/lib/axis2-xmlbeans-1.6.2.jar
2014-11-20 23:02:52.361+0000 INFO  [o.n.k.i.DiagnosticsManager]:  [classpath + loader.0] file:/home/w017nxj/workspace/ResQu/lib/logback-core-1.1.2.jar
2014-11-20 23:02:52.361+0000 INFO  [o.n.k.i.DiagnosticsManager]:  [classpath + loader.0] file:/home/w017nxj/workspace/ResQu/lib/commons-beanutils-core-1.8.0.jar
2014-11-20 23:02:52.361+0000 INFO  [o.n.k.i.DiagnosticsManager]:  [classpath + loader.0] file:/home/w017nxj/workspace/ResQu/lib/jackson-jaxrs-1.9.7.jar
2014-11-20 23:02:52.361+0000 INFO  [o.n.k.i.DiagnosticsManager]:  [classpath + loader.0] file:/home/w017nxj/workspace/ResQu/lib/axis2-json-1.6.2.jar
2014-11-20 23:02:52.361+0000 INFO  [o.n.k.i.DiagnosticsManager]:  [classpath + loader.0] file:/home/w017nxj/workspace/ResQu/lib/jersey-core-1.9.jar
2014-11-20 23:02:52.361+0000 INFO  [o.n.k.i.DiagnosticsManager]:  [classpath + loader.0] file:/home/w017nxj/workspace/ResQu/lib/geronimo-jta_1.1_spec-1.1.1.jar
2014-11-20 23:02:52.361+0000 INFO  [o.n.k.i.DiagnosticsManager]:  [classpath + loader.0] file:/home/w017nxj/workspace/ResQu/lib/log4j-1.2.15.jar
2014-11-20 23:02:52.362+0000 INFO  [o.n.k.i.DiagnosticsManager]:  [classpath + loader.0] file:/home/w017nxj/workspace/ResQu/lib/commons-logging-1.1.1.jar
2014-11-20 23:02:52.362+0000 INFO  [o.n.k.i.DiagnosticsManager]:  [classpath + loader.0] file:/home/w017nxj/workspace/ResQu/lib/commons-lang-2.4.jar
2014-11-20 23:02:52.362+0000 INFO  [o.n.k.i.DiagnosticsManager]:  [classpath + loader.0] file:/home/w017nxj/workspace/ResQu/lib/concurrentlinkedhashmap-lru-1.3.1.jar
2014-11-20 23:02:52.362+0000 INFO  [o.n.k.i.DiagnosticsManager]:  [classpath + loader.0] file:/home/w017nxj/workspace/ResQu/lib/rrd4j-2.0.7.jar
2014-11-20 23:02:52.362+0000 INFO  [o.n.k.i.DiagnosticsManager]:  [classpath + loader.0] file:/home/w017nxj/workspace/ResQu/lib/axis2-ant-plugin-1.6.2.jar
2014-11-20 23:02:52.362+0000 INFO  [o.n.k.i.DiagnosticsManager]:  [classpath + loader.0] file:/home/w017nxj/workspace/ResQu/lib/bcprov-jdk16-140.jar
2014-11-20 23:02:52.362+0000 INFO  [o.n.k.i.DiagnosticsManager]:  [classpath + loader.0] file:/home/w017nxj/workspace/ResQu/lib/axis2-kernel-1.6.2.jar
2014-11-20 23:02:52.363+0000 INFO  [o.n.k.i.DiagnosticsManager]:  [classpath + loader.0] file:/home/w017nxj/workspace/ResQu/lib/neo4j-cypher-2.1.5.jar
2014-11-20 23:02:52.363+0000 INFO  [o.n.k.i.DiagnosticsManager]:  [classpath + loader.0] file:/home/w017nxj/workspace/ResQu/lib/neo4j-browser-2.1.5.jar
2014-11-20 23:02:52.363+0000 INFO  [o.n.k.i.DiagnosticsManager]:  [classpath + loader.0] file:/home/w017nxj/workspace/ResQu/lib/commons-cli-1.2.jar
2014-11-20 23:02:52.363+0000 INFO  [o.n.k.i.DiagnosticsManager]:  [classpath + loader.0] file:/home/w017nxj/workspace/ResQu/lib/woden-impl-dom-1.0M9.jar
2014-11-20 23:02:52.363+0000 INFO  [o.n.k.i.DiagnosticsManager]:  [classpath + loader.0] file:/home/w017nxj/workspace/ResQu/lib/asm-3.1.jar
2014-11-20 23:02:52.363+0000 INFO  [o.n.k.i.DiagnosticsManager]:  [classpath + loader.0] file:/home/w017nxj/workspace/ResQu/lib/jsr311-api-1.1.2.r612.jar
2014-11-20 23:02:52.363+0000 INFO  [o.n.k.i.DiagnosticsManager]:  [classpath + loader.0] file:/home/w017nxj/workspace/ResQu/lib/jibx-run-1.2.jar
2014-11-20 23:02:52.364+0000 INFO  [o.n.k.i.DiagnosticsManager]:  [classpath + loader.0] file:/home/w017nxj/workspace/ResQu/lib/commons-digester-1.8.1.jar
2014-11-20 23:02:52.364+0000 INFO  [o.n.k.i.DiagnosticsManager]:  [classpath + loader.0] file:/home/w017nxj/workspace/ResQu/lib/neo4j-graph-algo-2.1.5.jar
2014-11-20 23:02:52.364+0000 INFO  [o.n.k.i.DiagnosticsManager]:  [classpath + loader.0] file:/home/w017nxj/workspace/ResQu/lib/neo4j-kernel-2.1.5.jar
2014-11-20 23:02:52.364+0000 INFO  [o.n.k.i.DiagnosticsManager]:  [classpath + loader.0] file:/home/w017nxj/workspace/ResQu/lib/axiom-api-1.2.13.jar
2014-11-20 23:02:52.364+0000 INFO  [o.n.k.i.DiagnosticsManager]:  [classpath + loader.0] file:/home/w017nxj/workspace/ResQu/lib/jcl-over-slf4j-1.6.1.jar
2014-11-20 23:02:52.364+0000 INFO  [o.n.k.i.DiagnosticsManager]:  [classpath + loader.0] file:/home/w017nxj/workspace/ResQu/lib/axis2-metadata-1.6.2.jar
2014-11-20 23:02:52.364+0000 INFO  [o.n.k.i.DiagnosticsManager]:  [loader.1] file:/usr/lib/jvm/java-7-openjdk-amd64/jre/lib/ext/java-atk-wrapper.jar
2014-11-20 23:02:52.364+0000 INFO  [o.n.k.i.DiagnosticsManager]:  [classpath + loader.0] file:/home/w017nxj/workspace/ResQu/lib/httpclient-cache-4.1.1.jar
2014-11-20 23:02:52.365+0000 INFO  [o.n.k.i.DiagnosticsManager]:  [classpath + loader.0] file:/home/w017nxj/workspace/ResQu/lib/axiom-dom-1.2.13.jar
2014-11-20 23:02:52.365+0000 INFO  [o.n.k.i.DiagnosticsManager]:  [classpath + loader.0] file:/home/w017nxj/workspace/ResQu/lib/neo4j-lucene-index-2.1.5.jar
2014-11-20 23:02:52.365+0000 INFO  [o.n.k.i.DiagnosticsManager]:  [classpath + loader.0] file:/home/w017nxj/workspace/ResQu/lib/janino-2.6.1.jar
2014-11-20 23:02:52.365+0000 INFO  [o.n.k.i.DiagnosticsManager]:  [classpath + loader.0] file:/home/w017nxj/workspace/ResQu/lib/geronimo-jaxws_2.2_spec-1.0.jar
2014-11-20 23:02:52.365+0000 INFO  [o.n.k.i.DiagnosticsManager]:  [classpath + loader.0] file:/home/w017nxj/workspace/ResQu/lib/jaxb-xjc-2.1.7.jar
2014-11-20 23:02:52.365+0000 INFO  [o.n.k.i.DiagnosticsManager]:  [classpath + loader.0] file:/home/w017nxj/workspace/ResQu/lib/axis2-transport-http-1.6.2.jar
2014-11-20 23:02:52.365+0000 INFO  [o.n.k.i.DiagnosticsManager]:  [classpath + loader.0] file:/home/w017nxj/workspace/ResQu/lib/geronimo-stax-api_1.0_spec-1.0.1.jar
2014-11-20 23:02:52.366+0000 INFO  [o.n.k.i.DiagnosticsManager]:  [classpath + loader.0] file:/home/w017nxj/workspace/ResQu/lib/jackson-core-asl-1.9.7.jar
2014-11-20 23:02:52.366+0000 INFO  [o.n.k.i.DiagnosticsManager]:  [classpath + loader.0] file:/home/w017nxj/workspace/ResQu/lib/geronimo-saaj_1.3_spec-1.0.1.jar
2014-11-20 23:02:52.366+0000 INFO  [o.n.k.i.DiagnosticsManager]:  [bootstrap] /usr/lib/jvm/java-7-openjdk-amd64/jre/classes
2014-11-20 23:02:52.366+0000 INFO  [o.n.k.i.DiagnosticsManager]:  [classpath + loader.0] file:/home/w017nxj/workspace/ResQu/lib/antlr-2.7.7.jar
2014-11-20 23:02:52.366+0000 INFO  [o.n.k.i.DiagnosticsManager]:  [classpath + loader.0] file:/home/w017nxj/workspace/ResQu/lib/jetty-xml-9.0.5.v20130815.jar
2014-11-20 23:02:52.366+0000 INFO  [o.n.k.i.DiagnosticsManager]:  [classpath + loader.0] file:/home/w017nxj/workspace/ResQu/lib/woden-api-1.0M9.jar
2014-11-20 23:02:52.366+0000 INFO  [o.n.k.i.DiagnosticsManager]:  [classpath + loader.0] file:/home/w017nxj/workspace/ResQu/lib/jibx-bind-1.2.jar
2014-11-20 23:02:52.367+0000 INFO  [o.n.k.i.DiagnosticsManager]:  [classpath + loader.0] file:/home/w017nxj/workspace/ResQu/lib/neo4j-graph-matching-2.1.5.jar
2014-11-20 23:02:52.367+0000 INFO  [o.n.k.i.DiagnosticsManager]:  [classpath + loader.0] file:/home/w017nxj/workspace/ResQu/lib/mex-1.6.2-impl.jar
2014-11-20 23:02:52.367+0000 INFO  [o.n.k.i.DiagnosticsManager]:  [classpath + loader.0] file:/home/w017nxj/workspace/ResQu/lib/neo4j-cypher-commons-2.1.5.jar
2014-11-20 23:02:52.367+0000 INFO  [o.n.k.i.DiagnosticsManager]:  [classpath + loader.0] file:/home/w017nxj/workspace/ResQu/lib/slf4j-api-1.6.2.jar
2014-11-20 23:02:52.367+0000 INFO  [o.n.k.i.DiagnosticsManager]:  [classpath + loader.0] file:/home/w017nxj/workspace/ResQu/lib/geronimo-jta_1.1_spec-1.1.jar
2014-11-20 23:02:52.367+0000 INFO  [o.n.k.i.DiagnosticsManager]:  [classpath + loader.0] file:/home/w017nxj/workspace/ResQu/lib/commons-collections-3.2.1.jar
2014-11-20 23:02:52.367+0000 INFO  [o.n.k.i.DiagnosticsManager]:  [classpath + loader.0] file:/home/w017nxj/workspace/ResQu/lib/wstx-asl-3.2.9.jar
2014-11-20 23:02:52.367+0000 INFO  [o.n.k.i.DiagnosticsManager]:  [classpath + loader.0] file:/home/w017nxj/workspace/ResQu/lib/opencsv-2.0.jar
2014-11-20 23:02:52.368+0000 INFO  [o.n.k.i.DiagnosticsManager]:  [classpath + loader.0] file:/home/w017nxj/workspace/ResQu/lib/javax.servlet-3.0.0.v201112011016.jar
2014-11-20 23:02:52.368+0000 INFO  [o.n.k.i.DiagnosticsManager]:  [classpath + loader.0] file:/home/w017nxj/workspace/ResQu/lib/jetty-http-9.0.5.v20130815.jar
2014-11-20 23:02:52.368+0000 INFO  [o.n.k.i.DiagnosticsManager]:  [classpath + loader.0] file:/home/w017nxj/workspace/ResQu/lib/jaxws-tools-2.1.3.jar
2014-11-20 23:02:52.368+0000 INFO  [o.n.k.i.DiagnosticsManager]:  [classpath + loader.0] file:/home/w017nxj/workspace/ResQu/lib/parboiled-scala_2.10-1.1.6.jar
2014-11-20 23:02:52.368+0000 INFO  [o.n.k.i.DiagnosticsManager]:  [classpath + loader.0] file:/home/w017nxj/workspace/ResQu/lib/httpcore-nio-4.1.jar
2014-11-20 23:02:52.368+0000 INFO  [o.n.k.i.DiagnosticsManager]:  [classpath + loader.0] file:/home/w017nxj/workspace/ResQu/lib/commons-codec-1.3.jar
2014-11-20 23:02:52.368+0000 INFO  [o.n.k.i.DiagnosticsManager]:  [classpath + loader.0] file:/home/w017nxj/workspace/ResQu/lib/neo4j-cypher-compiler-2.1-2.1.5.jar
2014-11-20 23:02:52.369+0000 INFO  [o.n.k.i.DiagnosticsManager]:  [classpath + loader.0] file:/home/w017nxj/workspace/ResQu/lib/parboiled-core-1.1.6.jar
2014-11-20 23:02:52.369+0000 INFO  [o.n.k.i.DiagnosticsManager]:  [bootstrap] /usr/lib/jvm/java-7-openjdk-amd64/jre/lib/sunrsasign.jar
2014-11-20 23:02:52.369+0000 INFO  [o.n.k.i.DiagnosticsManager]:  [classpath + loader.0] file:/home/w017nxj/workspace/ResQu/lib/axis2-jaxws-1.6.2.jar
2014-11-20 23:02:52.369+0000 INFO  [o.n.k.i.DiagnosticsManager]:  [classpath + loader.0] file:/home/w017nxj/workspace/ResQu/lib/rhino-1.7R4.jar
2014-11-20 23:02:52.369+0000 INFO  [o.n.k.i.DiagnosticsManager]:  [loader.1] file:/usr/lib/jvm/java-7-openjdk-amd64/jre/lib/ext/zipfs.jar
2014-11-20 23:02:52.369+0000 INFO  [o.n.k.i.DiagnosticsManager]:  [classpath + loader.0] file:/home/w017nxj/workspace/ResQu/lib/commons-compiler-2.6.1.jar
2014-11-20 23:02:52.369+0000 INFO  [o.n.k.i.DiagnosticsManager]:  [loader.1] file:/usr/lib/jvm/java-7-openjdk-amd64/jre/lib/ext/sunpkcs11.jar
2014-11-20 23:02:52.370+0000 INFO  [o.n.k.i.DiagnosticsManager]:  [classpath + loader.0] file:/home/w017nxj/workspace/ResQu/lib/neo4j-udc-2.1.5.jar
2014-11-20 23:02:52.370+0000 INFO  [o.n.k.i.DiagnosticsManager]:  [classpath + loader.0] file:/home/w017nxj/workspace/ResQu/lib/jericho-html-3.1.jar
2014-11-20 23:02:52.370+0000 INFO  [o.n.k.i.DiagnosticsManager]:  [classpath + loader.0] file:/home/w017nxj/workspace/ResQu/lib/jettison-1.0-RC2.jar
2014-11-20 23:02:52.370+0000 INFO  [o.n.k.i.DiagnosticsManager]:  [classpath + loader.0] file:/home/w017nxj/workspace/ResQu/lib/axis2-adb-codegen-1.6.2.jar
2014-11-20 23:02:52.370+0000 INFO  [o.n.k.i.DiagnosticsManager]:  [classpath + loader.0] file:/home/w017nxj/workspace/ResQu/lib/axis2-saaj-1.6.2.jar
2014-11-20 23:02:52.370+0000 INFO  [o.n.k.i.DiagnosticsManager]:  [classpath + loader.0] file:/home/w017nxj/workspace/ResQu/lib/scala-library-2.10.4.jar
2014-11-20 23:02:52.370+0000 INFO  [o.n.k.i.DiagnosticsManager]:  [classpath + loader.0] file:/home/w017nxj/workspace/ResQu/lib/jetty-webapp-9.0.5.v20130815.jar
2014-11-20 23:02:52.370+0000 INFO  [o.n.k.i.DiagnosticsManager]:  [classpath + loader.0] file:/home/w017nxj/workspace/ResQu/lib/jetty-io-9.0.5.v20130815.jar
2014-11-20 23:02:52.371+0000 INFO  [o.n.k.i.DiagnosticsManager]:  [classpath + loader.0] file:/home/w017nxj/workspace/ResQu/lib/httpmime-4.1.1.jar
2014-11-20 23:02:52.371+0000 INFO  [o.n.k.i.DiagnosticsManager]:  [classpath + loader.0] file:/home/w017nxj/workspace/ResQu/lib/jaxb-api-2.1.jar
2014-11-20 23:02:52.371+0000 INFO  [o.n.k.i.DiagnosticsManager]:  [classpath + loader.0] file:/home/w017nxj/workspace/ResQu/lib/httpcore-4.1.jar
2014-11-20 23:02:52.371+0000 INFO  [o.n.k.i.DiagnosticsManager]:  [classpath + loader.0] file:/home/w017nxj/workspace/ResQu/lib/jetty-servlet-9.0.5.v20130815.jar
2014-11-20 23:02:52.371+0000 INFO  [o.n.k.i.DiagnosticsManager]:  [loader.1] file:/usr/lib/jvm/java-7-openjdk-amd64/jre/lib/ext/pulse-java.jar
2014-11-20 23:02:52.371+0000 INFO  [o.n.k.i.DiagnosticsManager]:  [classpath + loader.0] file:/home/w017nxj/workspace/ResQu/lib/wsdl4j-1.6.2.jar
2014-11-20 23:02:52.371+0000 INFO  [o.n.k.i.DiagnosticsManager]:  [classpath + loader.0] file:/home/w017nxj/workspace/ResQu/lib/skrAPI.jar
2014-11-20 23:02:52.372+0000 INFO  [o.n.k.i.DiagnosticsManager]:  [classpath + loader.0] file:/home/w017nxj/workspace/ResQu/lib/httpclient-4.1.1.jar
2014-11-20 23:02:52.372+0000 INFO  [o.n.k.i.DiagnosticsManager]:  [classpath + loader.0] file:/home/w017nxj/workspace/ResQu/lib/commons-configuration-1.6.jar
2014-11-20 23:02:52.372+0000 INFO  [o.n.k.i.DiagnosticsManager]:  [classpath + loader.0] file:/home/w017nxj/workspace/ResQu/lib/apache-mime4j-core-0.7.2.jar
2014-11-20 23:02:52.372+0000 INFO  [o.n.k.i.DiagnosticsManager]:  [loader.1] file:/usr/lib/jvm/java-7-openjdk-amd64/jre/lib/ext/sunjce_provider.jar
2014-11-20 23:02:52.372+0000 INFO  [o.n.k.i.DiagnosticsManager]:  [classpath + loader.0] file:/home/w017nxj/workspace/ResQu/lib/jaxb-impl-2.1.7.jar
2014-11-20 23:02:52.372+0000 INFO  [o.n.k.i.DiagnosticsManager]:  [classpath + loader.0] file:/home/w017nxj/workspace/ResQu/lib/axis2-jibx-1.6.2.jar
2014-11-20 23:02:52.372+0000 INFO  [o.n.k.i.DiagnosticsManager]:  [classpath + loader.0] file:/home/w017nxj/workspace/ResQu/lib/axis2-spring-1.6.2.jar
2014-11-20 23:02:52.373+0000 INFO  [o.n.k.i.DiagnosticsManager]:  [classpath + loader.0] file:/home/w017nxj/workspace/ResQu/lib/tribes-6.0.16.jar
2014-11-20 23:02:52.373+0000 INFO  [o.n.k.i.DiagnosticsManager]:  [bootstrap] /usr/lib/jvm/java-7-openjdk-amd64/jre/lib/jce.jar
2014-11-20 23:02:52.373+0000 INFO  [o.n.k.i.DiagnosticsManager]:  [loader.1] file:/usr/lib/jvm/java-7-openjdk-amd64/jre/lib/ext/dnsns.jar
2014-11-20 23:02:52.373+0000 INFO  [o.n.k.i.DiagnosticsManager]:  [classpath + loader.0] file:/home/w017nxj/workspace/ResQu/lib/commons-fileupload-1.2.jar
2014-11-20 23:02:52.373+0000 INFO  [o.n.k.i.DiagnosticsManager]:  [classpath + loader.0] file:/home/w017nxj/workspace/ResQu/lib/geronimo-annotation_1.0_spec-1.1.jar
2014-11-20 23:02:52.373+0000 INFO  [o.n.k.i.DiagnosticsManager]:  [bootstrap] /usr/lib/jvm/java-7-openjdk-amd64/jre/lib/jsse.jar
2014-11-20 23:02:52.373+0000 INFO  [o.n.k.i.DiagnosticsManager]:  [classpath + loader.0] file:/home/w017nxj/workspace/ResQu/lib/geronimo-ws-metadata_2.0_spec-1.1.2.jar
2014-11-20 23:02:52.373+0000 INFO  [o.n.k.i.DiagnosticsManager]:  [classpath + loader.0] file:/home/w017nxj/workspace/ResQu/lib/axis2-transport-local-1.6.2.jar
2014-11-20 23:02:52.374+0000 INFO  [o.n.k.i.DiagnosticsManager]:  [classpath + loader.0] file:/home/w017nxj/workspace/ResQu/lib/jaxen-1.1.1.jar
2014-11-20 23:02:52.374+0000 INFO  [o.n.k.i.DiagnosticsManager]:  [classpath + loader.0] file:/home/w017nxj/workspace/ResQu/lib/axiom-impl-1.2.13.jar
2014-11-20 23:02:52.374+0000 INFO  [o.n.k.i.DiagnosticsManager]:  [classpath + loader.0] file:/home/w017nxj/workspace/ResQu/lib/woden-impl-commons-1.0M9.jar
2014-11-20 23:02:52.374+0000 INFO  [o.n.k.i.DiagnosticsManager]:  [classpath + loader.0] file:/home/w017nxj/workspace/ResQu/lib/jalopy-1.5rc3.jar
2014-11-20 23:02:52.374+0000 INFO  [o.n.k.i.DiagnosticsManager]:  [classpath + loader.0] file:/home/w017nxj/workspace/ResQu/classes/
2014-11-20 23:02:52.374+0000 INFO  [o.n.k.i.DiagnosticsManager]:  [classpath + loader.0] file:/home/w017nxj/workspace/ResQu/lib/jsr311-api-1.0.jar
2014-11-20 23:02:52.374+0000 INFO  [o.n.k.i.DiagnosticsManager]:  [classpath + loader.0] file:/home/w017nxj/workspace/ResQu/lib/mimepull-1.6.jar
2014-11-20 23:02:52.375+0000 INFO  [o.n.k.i.DiagnosticsManager]:  [bootstrap] /usr/lib/jvm/java-7-openjdk-amd64/jre/lib/jfr.jar
2014-11-20 23:02:52.375+0000 INFO  [o.n.k.i.DiagnosticsManager]:  [classpath + loader.0] file:/home/w017nxj/workspace/ResQu/lib/xml-resolver-1.2.jar
2014-11-20 23:02:52.375+0000 INFO  [o.n.k.i.DiagnosticsManager]:  [bootstrap] /usr/lib/jvm/java-7-openjdk-amd64/jre/lib/rt.jar
2014-11-20 23:02:52.375+0000 INFO  [o.n.k.i.DiagnosticsManager]:  [classpath + loader.0] file:/home/w017nxj/workspace/ResQu/lib/lucene-core-3.6.2.jar
2014-11-20 23:02:52.375+0000 INFO  [o.n.k.i.DiagnosticsManager]:  [classpath + loader.0] file:/home/w017nxj/workspace/ResQu/lib/activation-1.1.jar
2014-11-20 23:02:52.375+0000 INFO  [o.n.k.i.DiagnosticsManager]:  [classpath + loader.0] file:/home/w017nxj/workspace/ResQu/lib/axis2-clustering-1.6.2.jar
2014-11-20 23:02:52.375+0000 INFO  [o.n.k.i.DiagnosticsManager]:  [classpath + loader.0] file:/home/w017nxj/workspace/ResQu/lib/neo4j-shell-2.1.5.jar
2014-11-20 23:02:52.375+0000 INFO  [o.n.k.i.DiagnosticsManager]:  [classpath + loader.0] file:/home/w017nxj/workspace/ResQu/lib/jersey-server-1.9.jar
2014-11-20 23:02:52.376+0000 INFO  [o.n.k.i.DiagnosticsManager]:  [classpath + loader.0] file:/home/w017nxj/workspace/ResQu/lib/jetty-security-9.0.5.v20130815.jar
2014-11-20 23:02:52.376+0000 INFO  [o.n.k.i.DiagnosticsManager]:  [classpath + loader.0] file:/home/w017nxj/workspace/ResQu/lib/axis2-codegen-1.6.2.jar
2014-11-20 23:02:52.376+0000 INFO  [o.n.k.i.DiagnosticsManager]:  [classpath + loader.0] file:/home/w017nxj/workspace/ResQu/lib/xmlbeans-2.3.0.jar
2014-11-20 23:02:52.376+0000 INFO  [o.n.k.i.DiagnosticsManager]:  [loader.1] file:/usr/lib/jvm/java-7-openjdk-amd64/jre/lib/ext/localedata.jar
2014-11-20 23:02:52.376+0000 INFO  [o.n.k.i.DiagnosticsManager]: Library path:
2014-11-20 23:02:52.377+0000 INFO  [o.n.k.i.DiagnosticsManager]: /usr/java/packages/lib/amd64
2014-11-20 23:02:52.377+0000 INFO  [o.n.k.i.DiagnosticsManager]: /usr/lib/x86_64-linux-gnu/jni
2014-11-20 23:02:52.377+0000 INFO  [o.n.k.i.DiagnosticsManager]: /lib/x86_64-linux-gnu
2014-11-20 23:02:52.377+0000 INFO  [o.n.k.i.DiagnosticsManager]: /usr/lib/x86_64-linux-gnu
2014-11-20 23:02:52.377+0000 INFO  [o.n.k.i.DiagnosticsManager]: /usr/lib/jni
2014-11-20 23:02:52.378+0000 INFO  [o.n.k.i.DiagnosticsManager]: /lib
2014-11-20 23:02:52.378+0000 INFO  [o.n.k.i.DiagnosticsManager]: /usr/lib
2014-11-20 23:02:52.378+0000 INFO  [o.n.k.i.DiagnosticsManager]: System.properties:
2014-11-20 23:02:52.379+0000 INFO  [o.n.k.i.DiagnosticsManager]: sun.boot.library.path = /usr/lib/jvm/java-7-openjdk-amd64/jre/lib/amd64
2014-11-20 23:02:52.379+0000 INFO  [o.n.k.i.DiagnosticsManager]: path.separator = :
2014-11-20 23:02:52.379+0000 INFO  [o.n.k.i.DiagnosticsManager]: file.encoding.pkg = sun.io
2014-11-20 23:02:52.379+0000 INFO  [o.n.k.i.DiagnosticsManager]: user.country = US
2014-11-20 23:02:52.380+0000 INFO  [o.n.k.i.DiagnosticsManager]: sun.java.launcher = SUN_STANDARD
2014-11-20 23:02:52.380+0000 INFO  [o.n.k.i.DiagnosticsManager]: sun.os.patch.level = unknown
2014-11-20 23:02:52.380+0000 INFO  [o.n.k.i.DiagnosticsManager]: user.dir = /home/w017nxj/workspace/ResQu
2014-11-20 23:02:52.380+0000 INFO  [o.n.k.i.DiagnosticsManager]: sun.jnu.encoding = UTF-8
2014-11-20 23:02:52.380+0000 INFO  [o.n.k.i.DiagnosticsManager]: sun.management.compiler = HotSpot 64-Bit Tiered Compilers
2014-11-20 23:02:52.380+0000 INFO  [o.n.k.i.DiagnosticsManager]: user.home = /home/w017nxj
2014-11-20 23:02:52.381+0000 INFO  [o.n.k.i.DiagnosticsManager]: user.timezone = America/New_York
2014-11-20 23:02:52.381+0000 INFO  [o.n.k.i.DiagnosticsManager]: file.encoding = UTF-8
2014-11-20 23:02:52.381+0000 INFO  [o.n.k.i.DiagnosticsManager]: user.name = w017nxj
2014-11-20 23:02:52.381+0000 INFO  [o.n.k.i.DiagnosticsManager]: sun.java.command = drivers.Neo4jDriver
2014-11-20 23:02:52.381+0000 INFO  [o.n.k.i.DiagnosticsManager]: sun.arch.data.model = 64
2014-11-20 23:02:52.381+0000 INFO  [o.n.k.i.DiagnosticsManager]: user.language = en
2014-11-20 23:02:52.381+0000 INFO  [o.n.k.i.DiagnosticsManager]: awt.toolkit = sun.awt.X11.XToolkit
2014-11-20 23:02:52.382+0000 INFO  [o.n.k.i.DiagnosticsManager]: file.separator = /
2014-11-20 23:02:52.382+0000 INFO  [o.n.k.i.DiagnosticsManager]: sun.io.unicode.encoding = UnicodeLittle
2014-11-20 23:02:52.382+0000 INFO  [o.n.k.i.DiagnosticsManager]: sun.cpu.endian = little
2014-11-20 23:02:52.382+0000 INFO  [o.n.k.i.DiagnosticsManager]: sun.cpu.isalist = 
2014-11-20 23:02:52.382+0000 INFO  [o.n.k.i.DiagnosticsManager]: Linux scheduler information:
2014-11-20 23:02:52.386+0000 INFO  [o.n.k.i.DiagnosticsManager]: none
2014-11-20 23:02:52.386+0000 INFO  [o.n.k.i.DiagnosticsManager]: none
2014-11-20 23:02:52.387+0000 INFO  [o.n.k.i.DiagnosticsManager]: none
2014-11-20 23:02:52.387+0000 INFO  [o.n.k.i.DiagnosticsManager]: none
2014-11-20 23:02:52.387+0000 INFO  [o.n.k.i.DiagnosticsManager]: none
2014-11-20 23:02:52.388+0000 INFO  [o.n.k.i.DiagnosticsManager]: none
2014-11-20 23:02:52.388+0000 INFO  [o.n.k.i.DiagnosticsManager]: none
2014-11-20 23:02:52.389+0000 INFO  [o.n.k.i.DiagnosticsManager]: none
2014-11-20 23:02:52.389+0000 INFO  [o.n.k.i.DiagnosticsManager]: none
2014-11-20 23:02:52.389+0000 INFO  [o.n.k.i.DiagnosticsManager]: none
2014-11-20 23:02:52.390+0000 INFO  [o.n.k.i.DiagnosticsManager]: none
2014-11-20 23:02:52.390+0000 INFO  [o.n.k.i.DiagnosticsManager]: none
2014-11-20 23:02:52.391+0000 INFO  [o.n.k.i.DiagnosticsManager]: none
2014-11-20 23:02:52.391+0000 INFO  [o.n.k.i.DiagnosticsManager]: none
2014-11-20 23:02:52.391+0000 INFO  [o.n.k.i.DiagnosticsManager]: none
2014-11-20 23:02:52.392+0000 INFO  [o.n.k.i.DiagnosticsManager]: none
2014-11-20 23:02:52.392+0000 INFO  [o.n.k.i.DiagnosticsManager]: none
2014-11-20 23:02:52.393+0000 INFO  [o.n.k.i.DiagnosticsManager]: none
2014-11-20 23:02:52.393+0000 INFO  [o.n.k.i.DiagnosticsManager]: none
2014-11-20 23:02:52.393+0000 INFO  [o.n.k.i.DiagnosticsManager]: none
2014-11-20 23:02:52.394+0000 INFO  [o.n.k.i.DiagnosticsManager]: none
2014-11-20 23:02:52.394+0000 INFO  [o.n.k.i.DiagnosticsManager]: none
2014-11-20 23:02:52.395+0000 INFO  [o.n.k.i.DiagnosticsManager]: none
2014-11-20 23:02:52.395+0000 INFO  [o.n.k.i.DiagnosticsManager]: none
2014-11-20 23:02:52.395+0000 INFO  [o.n.k.i.DiagnosticsManager]: noop [deadline] cfq 
2014-11-20 23:02:52.396+0000 INFO  [o.n.k.i.DiagnosticsManager]: none
2014-11-20 23:02:52.396+0000 INFO  [o.n.k.i.DiagnosticsManager]: Network information:
2014-11-20 23:02:52.398+0000 INFO  [o.n.k.i.DiagnosticsManager]: Interface eth0:
2014-11-20 23:02:52.399+0000 INFO  [o.n.k.i.DiagnosticsManager]:     address: fe80:0:0:0:f816:3eff:fe18:eb7c%2
2014-11-20 23:02:52.399+0000 INFO  [o.n.k.i.DiagnosticsManager]:     address: 172.31.0.20
2014-11-20 23:02:52.399+0000 INFO  [o.n.k.i.DiagnosticsManager]: Interface lo:
2014-11-20 23:02:52.400+0000 INFO  [o.n.k.i.DiagnosticsManager]:     address: 0:0:0:0:0:0:0:1%1
2014-11-20 23:02:52.400+0000 INFO  [o.n.k.i.DiagnosticsManager]:     address: 127.0.0.1
2014-11-20 23:02:52.400+0000 INFO  [o.n.k.i.DiagnosticsManager]: --- INITIALIZED diagnostics END ---
2014-11-20 23:02:52.836+0000 INFO  [o.n.k.i.n.s.StoreFactory]: Creating new db @ data/neo2/neostore
2014-11-20 23:02:53.022+0000 INFO  [o.n.k.i.n.s.StoreFactory]: [data/neo2/neostore.relationshiptypestore.db.names] brickCount=0 brickSize=0b mappedMem=0b (storeSize=38b)
2014-11-20 23:02:53.025+0000 INFO  [o.n.k.i.n.s.StoreFactory]: [data/neo2/neostore.relationshiptypestore.db] brickCount=0 brickSize=0b mappedMem=0b (storeSize=0b)
2014-11-20 23:02:53.026+0000 INFO  [o.n.k.i.n.s.StoreFactory]: data/neo2/neostore.relationshiptypestore.db.names hit=0 miss=0 switches=0 ooe=0
2014-11-20 23:02:53.032+0000 INFO  [o.n.k.i.n.s.StoreFactory]: data/neo2/neostore.relationshiptypestore.db hit=0 miss=0 switches=0 ooe=0
2014-11-20 23:02:53.052+0000 INFO  [o.n.k.i.n.s.StoreFactory]: [data/neo2/neostore.labeltokenstore.db.names] brickCount=0 brickSize=0b mappedMem=0b (storeSize=38b)
2014-11-20 23:02:53.054+0000 INFO  [o.n.k.i.n.s.StoreFactory]: [data/neo2/neostore.labeltokenstore.db] brickCount=0 brickSize=0b mappedMem=0b (storeSize=0b)
2014-11-20 23:02:53.056+0000 INFO  [o.n.k.i.n.s.StoreFactory]: data/neo2/neostore.labeltokenstore.db.names hit=0 miss=0 switches=0 ooe=0
2014-11-20 23:02:53.060+0000 INFO  [o.n.k.i.n.s.StoreFactory]: data/neo2/neostore.labeltokenstore.db hit=0 miss=0 switches=0 ooe=0
2014-11-20 23:02:53.085+0000 INFO  [o.n.k.i.n.s.StoreFactory]: [data/neo2/neostore.relationshiptypestore.db.names] brickCount=0 brickSize=0b mappedMem=0b (storeSize=38b)
2014-11-20 23:02:53.086+0000 INFO  [o.n.k.i.n.s.StoreFactory]: [data/neo2/neostore.relationshiptypestore.db] brickCount=0 brickSize=0b mappedMem=0b (storeSize=0b)
2014-11-20 23:02:53.087+0000 INFO  [o.n.k.i.n.s.StoreFactory]: [data/neo2/neostore.labeltokenstore.db.names] brickCount=0 brickSize=0b mappedMem=0b (storeSize=38b)
2014-11-20 23:02:53.088+0000 INFO  [o.n.k.i.n.s.StoreFactory]: [data/neo2/neostore.labeltokenstore.db] brickCount=0 brickSize=0b mappedMem=0b (storeSize=0b)
2014-11-20 23:02:53.090+0000 INFO  [o.n.k.i.n.s.StoreFactory]: [data/neo2/neostore.propertystore.db.strings] brickCount=0 brickSize=2552192b mappedMem=2552233984b (storeSize=128b)
2014-11-20 23:02:53.091+0000 INFO  [o.n.k.i.n.s.StoreFactory]: [data/neo2/neostore.propertystore.db.index.keys] brickCount=0 brickSize=0b mappedMem=0b (storeSize=38b)
2014-11-20 23:02:53.092+0000 INFO  [o.n.k.i.n.s.StoreFactory]: [data/neo2/neostore.propertystore.db.index] brickCount=0 brickSize=0b mappedMem=0b (storeSize=0b)
2014-11-20 23:02:53.093+0000 INFO  [o.n.k.i.n.s.StoreFactory]: [data/neo2/neostore.propertystore.db.arrays] brickCount=0 brickSize=2892928b mappedMem=2893021184b (storeSize=128b)
2014-11-20 23:02:53.100+0000 INFO  [o.n.k.i.n.s.StoreFactory]: [data/neo2/neostore.propertystore.db] brickCount=0 brickSize=30031188b mappedMem=3003121664b (storeSize=0b)
2014-11-20 23:02:53.106+0000 INFO  [o.n.k.i.n.s.StoreFactory]: [data/neo2/neostore.relationshipstore.db] brickCount=0 brickSize=36805000b mappedMem=3680501760b (storeSize=0b)
2014-11-20 23:02:53.107+0000 INFO  [o.n.k.i.n.s.StoreFactory]: [data/neo2/neostore.nodestore.db.labels] brickCount=0 brickSize=0b mappedMem=0b (storeSize=68b)
2014-11-20 23:02:53.113+0000 INFO  [o.n.k.i.n.s.StoreFactory]: [data/neo2/neostore.nodestore.db] brickCount=0 brickSize=8336175b mappedMem=833617920b (storeSize=0b)
2014-11-20 23:02:53.115+0000 INFO  [o.n.k.i.n.s.StoreFactory]: [data/neo2/neostore.schemastore.db] brickCount=0 brickSize=0b mappedMem=0b (storeSize=64b)
2014-11-20 23:02:53.119+0000 INFO  [o.n.k.i.n.s.StoreFactory]: [data/neo2/neostore.relationshipgroupstore.db] brickCount=0 brickSize=0b mappedMem=0b (storeSize=25b)
2014-11-20 23:02:53.121+0000 INFO  [o.n.k.i.n.s.StoreFactory]: [data/neo2/neostore] brickCount=0 brickSize=0b mappedMem=0b (storeSize=0b)
2014-11-20 23:02:53.134+0000 INFO  [o.n.k.i.n.s.StoreFactory]: data/neo2/neostore.relationshiptypestore.db.names hit=0 miss=0 switches=0 ooe=0
2014-11-20 23:02:53.138+0000 INFO  [o.n.k.i.n.s.StoreFactory]: data/neo2/neostore.relationshiptypestore.db hit=0 miss=0 switches=0 ooe=0
2014-11-20 23:02:53.148+0000 INFO  [o.n.k.i.n.s.StoreFactory]: data/neo2/neostore.labeltokenstore.db.names hit=0 miss=0 switches=0 ooe=0
2014-11-20 23:02:53.152+0000 INFO  [o.n.k.i.n.s.StoreFactory]: data/neo2/neostore.labeltokenstore.db hit=0 miss=0 switches=0 ooe=0
2014-11-20 23:02:53.158+0000 INFO  [o.n.k.i.n.s.StoreFactory]: data/neo2/neostore.propertystore.db.strings hit=0 miss=0 switches=0 ooe=0
2014-11-20 23:02:53.163+0000 INFO  [o.n.k.i.n.s.StoreFactory]: data/neo2/neostore.propertystore.db.index.keys hit=0 miss=0 switches=0 ooe=0
2014-11-20 23:02:53.167+0000 INFO  [o.n.k.i.n.s.StoreFactory]: data/neo2/neostore.propertystore.db.index hit=0 miss=0 switches=0 ooe=0
2014-11-20 23:02:53.173+0000 INFO  [o.n.k.i.n.s.StoreFactory]: data/neo2/neostore.propertystore.db.arrays hit=0 miss=0 switches=0 ooe=0
2014-11-20 23:02:53.178+0000 INFO  [o.n.k.i.n.s.StoreFactory]: data/neo2/neostore.propertystore.db hit=0 miss=0 switches=0 ooe=0
2014-11-20 23:02:53.185+0000 INFO  [o.n.k.i.n.s.StoreFactory]: data/neo2/neostore.relationshipstore.db hit=0 miss=0 switches=0 ooe=0
2014-11-20 23:02:53.200+0000 INFO  [o.n.k.i.n.s.StoreFactory]: data/neo2/neostore.nodestore.db.labels hit=0 miss=0 switches=0 ooe=0
2014-11-20 23:02:53.206+0000 INFO  [o.n.k.i.n.s.StoreFactory]: data/neo2/neostore.nodestore.db hit=0 miss=0 switches=0 ooe=0
2014-11-20 23:02:53.229+0000 INFO  [o.n.k.i.n.s.StoreFactory]: data/neo2/neostore.schemastore.db hit=0 miss=0 switches=0 ooe=0
2014-11-20 23:02:53.243+0000 INFO  [o.n.k.i.n.s.StoreFactory]: data/neo2/neostore.relationshipgroupstore.db hit=0 miss=0 switches=0 ooe=0
2014-11-20 23:02:53.250+0000 INFO  [o.n.k.i.n.s.StoreFactory]: data/neo2/neostore hit=0 miss=10 switches=0 ooe=0
2014-11-20 23:02:53.272+0000 INFO  [o.n.k.i.n.s.StoreFactory]: [data/neo2/neostore.relationshiptypestore.db.names] brickCount=0 brickSize=0b mappedMem=0b (storeSize=38b)
2014-11-20 23:02:53.273+0000 INFO  [o.n.k.i.n.s.StoreFactory]: [data/neo2/neostore.relationshiptypestore.db] brickCount=0 brickSize=0b mappedMem=0b (storeSize=0b)
2014-11-20 23:02:53.274+0000 INFO  [o.n.k.i.n.s.StoreFactory]: [data/neo2/neostore.labeltokenstore.db.names] brickCount=0 brickSize=0b mappedMem=0b (storeSize=38b)
2014-11-20 23:02:53.275+0000 INFO  [o.n.k.i.n.s.StoreFactory]: [data/neo2/neostore.labeltokenstore.db] brickCount=0 brickSize=0b mappedMem=0b (storeSize=0b)
2014-11-20 23:02:53.276+0000 INFO  [o.n.k.i.n.s.StoreFactory]: [data/neo2/neostore.propertystore.db.strings] brickCount=0 brickSize=2552192b mappedMem=2552233984b (storeSize=128b)
2014-11-20 23:02:53.277+0000 INFO  [o.n.k.i.n.s.StoreFactory]: [data/neo2/neostore.propertystore.db.index.keys] brickCount=0 brickSize=0b mappedMem=0b (storeSize=38b)
2014-11-20 23:02:53.278+0000 INFO  [o.n.k.i.n.s.StoreFactory]: [data/neo2/neostore.propertystore.db.index] brickCount=0 brickSize=0b mappedMem=0b (storeSize=0b)
2014-11-20 23:02:53.279+0000 INFO  [o.n.k.i.n.s.StoreFactory]: [data/neo2/neostore.propertystore.db.arrays] brickCount=0 brickSize=2892928b mappedMem=2893021184b (storeSize=128b)
2014-11-20 23:02:53.280+0000 INFO  [o.n.k.i.n.s.StoreFactory]: [data/neo2/neostore.propertystore.db] brickCount=0 brickSize=30031188b mappedMem=3003121664b (storeSize=0b)
2014-11-20 23:02:53.281+0000 INFO  [o.n.k.i.n.s.StoreFactory]: [data/neo2/neostore.relationshipstore.db] brickCount=0 brickSize=36805000b mappedMem=3680501760b (storeSize=0b)
2014-11-20 23:02:53.282+0000 INFO  [o.n.k.i.n.s.StoreFactory]: [data/neo2/neostore.nodestore.db.labels] brickCount=0 brickSize=0b mappedMem=0b (storeSize=68b)
2014-11-20 23:02:53.283+0000 INFO  [o.n.k.i.n.s.StoreFactory]: [data/neo2/neostore.nodestore.db] brickCount=0 brickSize=8336175b mappedMem=833617920b (storeSize=0b)
2014-11-20 23:02:53.285+0000 INFO  [o.n.k.i.n.s.StoreFactory]: [data/neo2/neostore.schemastore.db] brickCount=0 brickSize=0b mappedMem=0b (storeSize=64b)
2014-11-20 23:02:53.286+0000 INFO  [o.n.k.i.n.s.StoreFactory]: [data/neo2/neostore.relationshipgroupstore.db] brickCount=0 brickSize=0b mappedMem=0b (storeSize=25b)
2014-11-20 23:02:53.287+0000 INFO  [o.n.k.i.n.s.StoreFactory]: [data/neo2/neostore] brickCount=0 brickSize=0b mappedMem=0b (storeSize=81b)
2014-11-20 23:02:53.497+0000 INFO  [o.n.k.a.i.i.LuceneLabelScanStore]: No lucene scan store index found, this might just be first use. Preparing to rebuild.
2014-11-20 23:02:53.561+0000 INFO  [o.n.k.a.i.i.LuceneLabelScanStore]: No lucene scan store index found, this might just be first use. Preparing to rebuild.
2014-11-20 23:02:53.739+0000 INFO  [o.n.k.i.t.x.XaLogicalLog]: Opened logical log [data/neo2/nioneo_logical.log.1] version=0, lastTxId=1 (clean)
2014-11-20 23:02:53.748+0000 INFO  [o.n.k.a.i.i.LuceneLabelScanStore]: Rebuilding lucene scan store, this may take a while
2014-11-20 23:02:53.752+0000 INFO  [o.n.k.a.i.i.LuceneLabelScanStore]: Lucene scan store rebuilt (roughly -1 nodes)
2014-11-20 23:02:53.761+0000 INFO  [o.n.k.i.t.TxManager]: TM new log: tm_tx_log.1
2014-11-20 23:02:53.781+0000 INFO  [o.n.k.i.t.KernelHealth]: Kernel health set to OK
2014-11-20 23:02:53.809+0000 INFO  [o.n.k.i.t.x.XaLogicalLog]: Opened logical log [data/neo2/index/lucene.log.1] version=0, lastTxId=1 (clean)
2014-11-20 23:02:53.821+0000 INFO  [o.n.k.i.DiagnosticsManager]: --- STARTED diagnostics for KernelDiagnostics:Versions START ---
2014-11-20 23:02:53.821+0000 INFO  [o.n.k.i.DiagnosticsManager]: Graph Database: org.neo4j.kernel.EmbeddedGraphDatabase StoreId{creationTime=1416524572846, randomId=1289107835142021142, storeVersion=14406081294923270, upgradeTime=1416524572846, upgradeId=1289107835142021142}
2014-11-20 23:02:53.821+0000 INFO  [o.n.k.i.DiagnosticsManager]: Kernel version: Neo4j Browser (neo4j-browser), version: 2.1.5
2014-11-20 23:02:53.821+0000 INFO  [o.n.k.i.DiagnosticsManager]: Neo4j component versions:
2014-11-20 23:02:53.837+0000 INFO  [o.n.k.i.DiagnosticsManager]:   Neo4j - Lucene Index (neo4j-lucene-index), version: 2.1.5; revision: 2.1.5:2.1-maint:529/45c3cc04946c2b0e243e48c8252e40cb85931744
2014-11-20 23:02:53.838+0000 INFO  [o.n.k.i.DiagnosticsManager]:   Neo4j - JMX support (neo4j-jmx), version: 2.1.5; revision: 2.1.5:2.1-maint:529/45c3cc04946c2b0e243e48c8252e40cb85931744
2014-11-20 23:02:53.838+0000 INFO  [o.n.k.i.DiagnosticsManager]:   Neo4j - Graph Matching (neo4j-graph-matching), version: 2.1.5; revision: 2.1.5:2.1-maint:529/45c3cc04946c2b0e243e48c8252e40cb85931744
2014-11-20 23:02:53.838+0000 INFO  [o.n.k.i.DiagnosticsManager]:   Neo4j Server API (server-api), version: 2.1.5; revision: 2.1.5:2.1-maint:529/45c3cc04946c2b0e243e48c8252e40cb85931744
2014-11-20 23:02:53.838+0000 INFO  [o.n.k.i.DiagnosticsManager]:   Neo4j - Cypher (neo4j-cypher), version: 2.1.5; revision: 2.1.5:2.1-maint:529/45c3cc04946c2b0e243e48c8252e40cb85931744
2014-11-20 23:02:53.838+0000 INFO  [o.n.k.i.DiagnosticsManager]:   Neo4j Browser (neo4j-browser), version: 2.1.5; revision: 2.1.5:2.1-maint:529/45c3cc04946c2b0e243e48c8252e40cb85931744
2014-11-20 23:02:53.838+0000 INFO  [o.n.k.i.DiagnosticsManager]:   Neo4j Server (neo4j-server), version: 2.1.5; revision: 2.1.5:2.1-maint:529/45c3cc04946c2b0e243e48c8252e40cb85931744
2014-11-20 23:02:53.839+0000 INFO  [o.n.k.i.DiagnosticsManager]:   Neo4j - Graph Algorithms (neo4j-graph-algo), version: 2.1.5; revision: 2.1.5:2.1-maint:529/45c3cc04946c2b0e243e48c8252e40cb85931744
2014-11-20 23:02:53.839+0000 INFO  [o.n.k.i.DiagnosticsManager]:   Neo4j - Cypher Compiler 2.1 (neo4j-cypher-compiler-2.1), version: 2.1.5; revision: 2.1.5:2.1-maint:529/45c3cc04946c2b0e243e48c8252e40cb85931744
2014-11-20 23:02:53.839+0000 INFO  [o.n.k.i.DiagnosticsManager]:   Neo4j - Generic shell (neo4j-shell), version: 2.1.5; revision: 2.1.5:2.1-maint:529/45c3cc04946c2b0e243e48c8252e40cb85931744
2014-11-20 23:02:53.839+0000 INFO  [o.n.k.i.DiagnosticsManager]:   neo4j-udc, version: 2.1.5; revision: 2.1.5:2.1-maint:529/45c3cc04946c2b0e243e48c8252e40cb85931744
2014-11-20 23:02:53.839+0000 INFO  [o.n.k.i.DiagnosticsManager]:   Neo4j - Cypher Commons (neo4j-cypher-commons), version: 2.1.5; revision: 2.1.5:2.1-maint:529/45c3cc04946c2b0e243e48c8252e40cb85931744
2014-11-20 23:02:53.839+0000 INFO  [o.n.k.i.DiagnosticsManager]: --- STARTED diagnostics for KernelDiagnostics:Versions END ---
2014-11-20 23:02:53.844+0000 INFO  [o.n.k.i.DiagnosticsManager]: --- STARTED diagnostics for NEO_STORE_VERSIONS START ---
2014-11-20 23:02:53.845+0000 INFO  [o.n.k.i.DiagnosticsManager]: Store versions:
2014-11-20 23:02:53.845+0000 INFO  [o.n.k.i.DiagnosticsManager]: Store versions:
2014-11-20 23:02:53.846+0000 INFO  [o.n.k.i.DiagnosticsManager]:   NeoStore v0.A.3
2014-11-20 23:02:53.846+0000 INFO  [o.n.k.i.DiagnosticsManager]:   SchemaStore v0.A.3
2014-11-20 23:02:53.846+0000 INFO  [o.n.k.i.DiagnosticsManager]:   NodeStore v0.A.3
2014-11-20 23:02:53.846+0000 INFO  [o.n.k.i.DiagnosticsManager]:   RelationshipStore v0.A.3
2014-11-20 23:02:53.846+0000 INFO  [o.n.k.i.DiagnosticsManager]:   RelationshipTypeStore v0.A.3
2014-11-20 23:02:53.846+0000 INFO  [o.n.k.i.DiagnosticsManager]:   LabelTokenStore v0.A.3
2014-11-20 23:02:53.846+0000 INFO  [o.n.k.i.DiagnosticsManager]:   PropertyStore v0.A.3
2014-11-20 23:02:53.847+0000 INFO  [o.n.k.i.DiagnosticsManager]:   PropertyIndexStore v0.A.3
2014-11-20 23:02:53.847+0000 INFO  [o.n.k.i.DiagnosticsManager]:   StringPropertyStore v0.A.3
2014-11-20 23:02:53.847+0000 INFO  [o.n.k.i.DiagnosticsManager]:   ArrayPropertyStore v0.A.3
2014-11-20 23:02:53.847+0000 INFO  [o.n.k.i.DiagnosticsManager]:   RelationshipGroupStore v0.A.3
2014-11-20 23:02:53.847+0000 INFO  [o.n.k.i.DiagnosticsManager]: --- STARTED diagnostics for NEO_STORE_VERSIONS END ---
2014-11-20 23:02:53.847+0000 INFO  [o.n.k.i.DiagnosticsManager]: --- STARTED diagnostics for NEO_STORE_ID_USAGE START ---
2014-11-20 23:02:53.847+0000 INFO  [o.n.k.i.DiagnosticsManager]: Id usage:
2014-11-20 23:02:53.848+0000 INFO  [o.n.k.i.DiagnosticsManager]: Id usage:
2014-11-20 23:02:53.848+0000 INFO  [o.n.k.i.DiagnosticsManager]:   SchemaStore: used=1 high=0
2014-11-20 23:02:53.849+0000 INFO  [o.n.k.i.DiagnosticsManager]:   NodeStore: used=0 high=-1
2014-11-20 23:02:53.849+0000 INFO  [o.n.k.i.DiagnosticsManager]:   RelationshipStore: used=0 high=-1
2014-11-20 23:02:53.849+0000 INFO  [o.n.k.i.DiagnosticsManager]:   RelationshipTypeStore: used=0 high=-1
2014-11-20 23:02:53.850+0000 INFO  [o.n.k.i.DiagnosticsManager]:   LabelTokenStore: used=0 high=-1
2014-11-20 23:02:53.850+0000 INFO  [o.n.k.i.DiagnosticsManager]:   PropertyStore: used=0 high=-1
2014-11-20 23:02:53.851+0000 INFO  [o.n.k.i.DiagnosticsManager]:   PropertyIndexStore: used=0 high=-1
2014-11-20 23:02:53.851+0000 INFO  [o.n.k.i.DiagnosticsManager]:   StringPropertyStore: used=1 high=0
2014-11-20 23:02:53.852+0000 INFO  [o.n.k.i.DiagnosticsManager]:   ArrayPropertyStore: used=1 high=0
2014-11-20 23:02:53.852+0000 INFO  [o.n.k.i.DiagnosticsManager]:   RelationshipGroupStore: used=1 high=0
2014-11-20 23:02:53.852+0000 INFO  [o.n.k.i.DiagnosticsManager]: --- STARTED diagnostics for NEO_STORE_ID_USAGE END ---
2014-11-20 23:02:53.852+0000 INFO  [o.n.k.i.DiagnosticsManager]: --- STARTED diagnostics for PERSISTENCE_WINDOW_POOL_STATS START ---
2014-11-20 23:02:53.853+0000 INFO  [o.n.k.i.DiagnosticsManager]: --- STARTED diagnostics for PERSISTENCE_WINDOW_POOL_STATS END ---
2014-11-20 23:02:53.853+0000 INFO  [o.n.k.i.DiagnosticsManager]: --- STARTED diagnostics for KernelDiagnostics:StoreFiles START ---
2014-11-20 23:02:53.854+0000 INFO  [o.n.k.i.DiagnosticsManager]: Disk space on partition (Total / Free / Free %): 1488106967040 / 632871591936 / 42
Storage files: (filename : modification date - size)
2014-11-20 23:02:53.858+0000 INFO  [o.n.k.i.DiagnosticsManager]:   active_tx_log: 2014-11-20T18:02:53-0500 - 11.00 B
2014-11-20 23:02:53.858+0000 INFO  [o.n.k.i.DiagnosticsManager]:   index:
2014-11-20 23:02:53.859+0000 INFO  [o.n.k.i.DiagnosticsManager]:     lucene-store.db: 2014-11-20T18:02:53-0500 - 40.00 B
2014-11-20 23:02:53.860+0000 INFO  [o.n.k.i.DiagnosticsManager]:     lucene.log.1: 2014-11-20T18:02:53-0500 - 16.00 B
2014-11-20 23:02:53.861+0000 INFO  [o.n.k.i.DiagnosticsManager]:     lucene.log.active: 2014-11-20T18:02:53-0500 - 4.00 B
2014-11-20 23:02:53.862+0000 INFO  [o.n.k.i.DiagnosticsManager]:   - Total: 2014-11-20T18:02:53-0500 - 60.00 B
2014-11-20 23:02:53.863+0000 INFO  [o.n.k.i.DiagnosticsManager]:   lock: 2014-11-20T18:02:53-0500 - 0.00 B
2014-11-20 23:02:53.863+0000 INFO  [o.n.k.i.DiagnosticsManager]:   messages.log: 2014-11-20T18:02:53-0500 - 48.61 kB
2014-11-20 23:02:53.864+0000 INFO  [o.n.k.i.DiagnosticsManager]:   neostore: 2014-11-20T18:02:53-0500 - 81.00 B
2014-11-20 23:02:53.865+0000 INFO  [o.n.k.i.DiagnosticsManager]:   neostore.id: 2014-11-20T18:02:53-0500 - 9.00 B
2014-11-20 23:02:53.866+0000 INFO  [o.n.k.i.DiagnosticsManager]:   neostore.labeltokenstore.db: 2014-11-20T18:02:53-0500 - 0.00 B
2014-11-20 23:02:53.867+0000 INFO  [o.n.k.i.DiagnosticsManager]:   neostore.labeltokenstore.db.id: 2014-11-20T18:02:53-0500 - 9.00 B
2014-11-20 23:02:53.868+0000 INFO  [o.n.k.i.DiagnosticsManager]:   neostore.labeltokenstore.db.names: 2014-11-20T18:02:53-0500 - 38.00 B
2014-11-20 23:02:53.870+0000 INFO  [o.n.k.i.DiagnosticsManager]:   neostore.labeltokenstore.db.names.id: 2014-11-20T18:02:53-0500 - 9.00 B
2014-11-20 23:02:53.870+0000 INFO  [o.n.k.i.DiagnosticsManager]:   neostore.nodestore.db: 2014-11-20T18:02:53-0500 - 0.00 B
2014-11-20 23:02:53.871+0000 INFO  [o.n.k.i.DiagnosticsManager]:   neostore.nodestore.db.id: 2014-11-20T18:02:53-0500 - 9.00 B
2014-11-20 23:02:53.872+0000 INFO  [o.n.k.i.DiagnosticsManager]:   neostore.nodestore.db.labels: 2014-11-20T18:02:53-0500 - 68.00 B
2014-11-20 23:02:53.873+0000 INFO  [o.n.k.i.DiagnosticsManager]:   neostore.nodestore.db.labels.id: 2014-11-20T18:02:53-0500 - 9.00 B
2014-11-20 23:02:53.874+0000 INFO  [o.n.k.i.DiagnosticsManager]:   neostore.propertystore.db: 2014-11-20T18:02:53-0500 - 0.00 B
2014-11-20 23:02:53.875+0000 INFO  [o.n.k.i.DiagnosticsManager]:   neostore.propertystore.db.arrays: 2014-11-20T18:02:53-0500 - 128.00 B
2014-11-20 23:02:53.875+0000 INFO  [o.n.k.i.DiagnosticsManager]:   neostore.propertystore.db.arrays.id: 2014-11-20T18:02:53-0500 - 9.00 B
2014-11-20 23:02:53.876+0000 INFO  [o.n.k.i.DiagnosticsManager]:   neostore.propertystore.db.id: 2014-11-20T18:02:53-0500 - 9.00 B
2014-11-20 23:02:53.877+0000 INFO  [o.n.k.i.DiagnosticsManager]:   neostore.propertystore.db.index: 2014-11-20T18:02:53-0500 - 0.00 B
2014-11-20 23:02:53.878+0000 INFO  [o.n.k.i.DiagnosticsManager]:   neostore.propertystore.db.index.id: 2014-11-20T18:02:53-0500 - 9.00 B
2014-11-20 23:02:53.879+0000 INFO  [o.n.k.i.DiagnosticsManager]:   neostore.propertystore.db.index.keys: 2014-11-20T18:02:53-0500 - 38.00 B
2014-11-20 23:02:53.880+0000 INFO  [o.n.k.i.DiagnosticsManager]:   neostore.propertystore.db.index.keys.id: 2014-11-20T18:02:53-0500 - 9.00 B
2014-11-20 23:02:53.880+0000 INFO  [o.n.k.i.DiagnosticsManager]:   neostore.propertystore.db.strings: 2014-11-20T18:02:53-0500 - 128.00 B
2014-11-20 23:02:53.881+0000 INFO  [o.n.k.i.DiagnosticsManager]:   neostore.propertystore.db.strings.id: 2014-11-20T18:02:53-0500 - 9.00 B
2014-11-20 23:02:53.882+0000 INFO  [o.n.k.i.DiagnosticsManager]:   neostore.relationshipgroupstore.db: 2014-11-20T18:02:53-0500 - 25.00 B
2014-11-20 23:02:53.883+0000 INFO  [o.n.k.i.DiagnosticsManager]:   neostore.relationshipgroupstore.db.id: 2014-11-20T18:02:53-0500 - 9.00 B
2014-11-20 23:02:53.884+0000 INFO  [o.n.k.i.DiagnosticsManager]:   neostore.relationshipstore.db: 2014-11-20T18:02:53-0500 - 0.00 B
2014-11-20 23:02:53.884+0000 INFO  [o.n.k.i.DiagnosticsManager]:   neostore.relationshipstore.db.id: 2014-11-20T18:02:53-0500 - 9.00 B
2014-11-20 23:02:53.885+0000 INFO  [o.n.k.i.DiagnosticsManager]:   neostore.relationshiptypestore.db: 2014-11-20T18:02:53-0500 - 0.00 B
2014-11-20 23:02:53.886+0000 INFO  [o.n.k.i.DiagnosticsManager]:   neostore.relationshiptypestore.db.id: 2014-11-20T18:02:53-0500 - 9.00 B
2014-11-20 23:02:53.887+0000 INFO  [o.n.k.i.DiagnosticsManager]:   neostore.relationshiptypestore.db.names: 2014-11-20T18:02:53-0500 - 38.00 B
2014-11-20 23:02:53.888+0000 INFO  [o.n.k.i.DiagnosticsManager]:   neostore.relationshiptypestore.db.names.id: 2014-11-20T18:02:53-0500 - 9.00 B
2014-11-20 23:02:53.889+0000 INFO  [o.n.k.i.DiagnosticsManager]:   neostore.schemastore.db: 2014-11-20T18:02:53-0500 - 64.00 B
2014-11-20 23:02:53.890+0000 INFO  [o.n.k.i.DiagnosticsManager]:   neostore.schemastore.db.id: 2014-11-20T18:02:53-0500 - 9.00 B
2014-11-20 23:02:53.891+0000 INFO  [o.n.k.i.DiagnosticsManager]:   nioneo_logical.log.1: 2014-11-20T18:02:53-0500 - 16.00 B
2014-11-20 23:02:53.892+0000 INFO  [o.n.k.i.DiagnosticsManager]:   nioneo_logical.log.active: 2014-11-20T18:02:53-0500 - 4.00 B
2014-11-20 23:02:53.892+0000 INFO  [o.n.k.i.DiagnosticsManager]:   schema:
2014-11-20 23:02:53.892+0000 INFO  [o.n.k.i.DiagnosticsManager]:     label:
2014-11-20 23:02:53.893+0000 INFO  [o.n.k.i.DiagnosticsManager]:       lucene:
2014-11-20 23:02:53.894+0000 INFO  [o.n.k.i.DiagnosticsManager]:         write.lock: 2014-11-20T18:02:53-0500 - 0.00 B
2014-11-20 23:02:53.894+0000 INFO  [o.n.k.i.DiagnosticsManager]:       - Total: 2014-11-20T18:02:53-0500 - 0.00 B
2014-11-20 23:02:53.895+0000 INFO  [o.n.k.i.DiagnosticsManager]:     - Total: 2014-11-20T18:02:53-0500 - 0.00 B
2014-11-20 23:02:53.896+0000 INFO  [o.n.k.i.DiagnosticsManager]:   - Total: 2014-11-20T18:02:53-0500 - 0.00 B
2014-11-20 23:02:53.897+0000 INFO  [o.n.k.i.DiagnosticsManager]:   store_lock: 2014-11-20T18:02:52-0500 - 0.00 B
2014-11-20 23:02:53.898+0000 INFO  [o.n.k.i.DiagnosticsManager]:   tm_tx_log.1: 2014-11-20T18:02:53-0500 - 0.00 B
2014-11-20 23:02:53.898+0000 INFO  [o.n.k.i.DiagnosticsManager]: --- STARTED diagnostics for KernelDiagnostics:StoreFiles END ---
2014-11-20 23:02:54.012+0000 INFO  [o.n.k.EmbeddedGraphDatabase]: Database is now ready
